<?xml version="1.0" encoding="UTF-8"?>
<!-- Generated by org.testng.reporters.JUnitXMLReporter -->
<testsuite hostname="DESKTOP-OMK0I9M" name="User Postassessment process" tests="4" failures="0" timestamp="27 Oct 2022 12:16:18 GMT" time="1613.143" errors="0">
  <testcase name="CourseSCF_PostAssessment" time="322.919" classname="ProjectTestcases.SCF_UserPostAssessment"/>
  <testcase name="CourseSCF_PostAssessment" time="356.504" classname="ProjectTestcases.SCF_UserPostAssessment"/>
  <testcase name="CourseSCF_PostAssessment" time="412.33" classname="ProjectTestcases.SCF_UserPostAssessment"/>
  <testcase name="CourseSCF_PostAssessment" time="446.917" classname="ProjectTestcases.SCF_UserPostAssessment"/>
</testsuite> <!-- User Postassessment process -->
