<?xml version="1.0" encoding="UTF-8"?>
<!-- Generated by org.testng.reporters.JUnitXMLReporter -->
<testsuite hostname="DESKTOP-OMK0I9M" name="Default test" tests="2" failures="0" timestamp="27 Jul 2022 01:10:52 GMT" time="1.141" errors="0">
  <testcase name="@BeforeMethod openBrowser" time="0.0" classname="ProjectTestcases.UserEnrollment">
    <failure type="org.testng.TestNGException" message="
Parameter &amp;apos;url&amp;apos; is required by @Configuration on method openBrowser but has not been marked @Optional or defined
in C:\Users\Vinod Kumar (SDNA)\AppData\Local\Temp\testng-eclipse-2056285357\testng-customsuite.xml">
      <![CDATA[org.testng.TestNGException: 
Parameter 'url' is required by @Configuration on method openBrowser but has not been marked @Optional or defined
in C:\Users\Vinod Kumar (SDNA)\AppData\Local\Temp\testng-eclipse-2056285357\testng-customsuite.xml
	at org.testng.internal.Parameters.createParameters(Parameters.java:154)
	at org.testng.internal.Parameters.createParameters(Parameters.java:361)
	at org.testng.internal.Parameters.createConfigurationParameters(Parameters.java:84)
	at org.testng.internal.Invoker.invokeConfigurations(Invoker.java:201)
	at org.testng.internal.Invoker.invokeMethod(Invoker.java:589)
	at org.testng.internal.Invoker.invokeTestMethod(Invoker.java:822)
	at org.testng.internal.Invoker.invokeTestMethods(Invoker.java:1130)
	at org.testng.internal.TestMethodWorker.invokeTestMethods(TestMethodWorker.java:129)
	at org.testng.internal.TestMethodWorker.run(TestMethodWorker.java:112)
	at org.testng.TestRunner.privateRun(TestRunner.java:782)
	at org.testng.TestRunner.run(TestRunner.java:632)
	at org.testng.SuiteRunner.runTest(SuiteRunner.java:366)
	at org.testng.SuiteRunner.runSequentially(SuiteRunner.java:361)
	at org.testng.SuiteRunner.privateRun(SuiteRunner.java:319)
	at org.testng.SuiteRunner.run(SuiteRunner.java:268)
	at org.testng.SuiteRunnerWorker.runSuite(SuiteRunnerWorker.java:52)
	at org.testng.SuiteRunnerWorker.run(SuiteRunnerWorker.java:86)
	at org.testng.TestNG.runSuitesSequentially(TestNG.java:1244)
	at org.testng.TestNG.runSuitesLocally(TestNG.java:1169)
	at org.testng.TestNG.run(TestNG.java:1064)
	at org.testng.remote.RemoteTestNG.run(RemoteTestNG.java:113)
	at org.testng.remote.RemoteTestNG.initAndRun(RemoteTestNG.java:206)
	at org.testng.remote.RemoteTestNG.main(RemoteTestNG.java:177)
]]>
    </failure>
  </testcase> <!-- @BeforeMethod openBrowser -->
  <testcase name="@AfterMethod closebrowser" time="0.0" classname="ProjectTestcases.UserEnrollment">
    <skipped/>
  </testcase> <!-- @AfterMethod closebrowser -->
  <testcase name="@BeforeMethod openBrowser" time="0.0" classname="ProjectTestcases.UserEnrollment">
    <skipped/>
  </testcase> <!-- @BeforeMethod openBrowser -->
  <testcase name="@AfterMethod closebrowser" time="0.0" classname="ProjectTestcases.UserEnrollment">
    <skipped/>
  </testcase> <!-- @AfterMethod closebrowser -->
  <testcase name="UserCheck_and_UnenrollMent" time="0.0" classname="ProjectTestcases.UserEnrollment">
    <skipped/>
  </testcase> <!-- UserCheck_and_UnenrollMent -->
  <testcase name="UserCheck_and_UnenrollMent" time="0.0" classname="ProjectTestcases.UserEnrollment">
    <skipped/>
  </testcase> <!-- UserCheck_and_UnenrollMent -->
</testsuite> <!-- Default test -->
